<?xml version="1.0" encoding="UTF-8"?>
<!-- Generated by org.testng.reporters.JUnitXMLReporter -->
<testsuite ignored="0" hostname="PIO-L-4110" failures="0" tests="12" name="Command line test" time="609.519" errors="0" timestamp="2024-10-17T12:20:20 IST">
  <testcase classname="com.nucleus.qa.testcases.CoreSystemTesting" name="TestCase1" time="43.563"/>
  <testcase classname="com.nucleus.qa.testcases.CoreSystemTesting" name="TestCase10" time="71.036"/>
  <testcase classname="com.nucleus.qa.testcases.CoreSystemTesting" name="TestCase11" time="37.153"/>
  <testcase classname="com.nucleus.qa.testcases.CoreSystemTesting" name="TestCase12" time="35.203"/>
  <testcase classname="com.nucleus.qa.testcases.CoreSystemTesting" name="TestCase2" time="25.877"/>
  <testcase classname="com.nucleus.qa.testcases.CoreSystemTesting" name="TestCase3" time="88.447"/>
  <testcase classname="com.nucleus.qa.testcases.CoreSystemTesting" name="TestCase4" time="44.857"/>
  <testcase classname="com.nucleus.qa.testcases.CoreSystemTesting" name="TestCase5" time="48.377"/>
  <testcase classname="com.nucleus.qa.testcases.CoreSystemTesting" name="TestCase6" time="40.877"/>
  <testcase classname="com.nucleus.qa.testcases.CoreSystemTesting" name="TestCase7" time="47.148"/>
  <testcase classname="com.nucleus.qa.testcases.CoreSystemTesting" name="TestCase8" time="51.192"/>
  <testcase classname="com.nucleus.qa.testcases.CoreSystemTesting" name="TestCase9" time="61.439"/>
</testsuite> <!-- Command line test -->
