<?xml version="1.0" encoding="UTF-8"?>
<!-- Generated by org.testng.reporters.JUnitXMLReporter -->
<testsuite ignored="0" hostname="PIO-L-4110" failures="0" tests="12" name="Command line test" time="715.188" errors="0" timestamp="2024-09-27T15:53:58 IST">
  <testcase classname="com.nucleus.qa.testcases.CoreSystemTesting" name="TestCase1" time="46.504"/>
  <testcase classname="com.nucleus.qa.testcases.CoreSystemTesting" name="TestCase10" time="82.47"/>
  <testcase classname="com.nucleus.qa.testcases.CoreSystemTesting" name="TestCase11" time="42.343"/>
  <testcase classname="com.nucleus.qa.testcases.CoreSystemTesting" name="TestCase12" time="38.143"/>
  <testcase classname="com.nucleus.qa.testcases.CoreSystemTesting" name="TestCase2" time="20.164"/>
  <testcase classname="com.nucleus.qa.testcases.CoreSystemTesting" name="TestCase3" time="83.719"/>
  <testcase classname="com.nucleus.qa.testcases.CoreSystemTesting" name="TestCase4" time="57.689"/>
  <testcase classname="com.nucleus.qa.testcases.CoreSystemTesting" name="TestCase5" time="65.739"/>
  <testcase classname="com.nucleus.qa.testcases.CoreSystemTesting" name="TestCase6" time="54.539"/>
  <testcase classname="com.nucleus.qa.testcases.CoreSystemTesting" name="TestCase7" time="61.985"/>
  <testcase classname="com.nucleus.qa.testcases.CoreSystemTesting" name="TestCase8" time="60.224"/>
  <testcase classname="com.nucleus.qa.testcases.CoreSystemTesting" name="TestCase9" time="79.243"/>
</testsuite> <!-- Command line test -->
