<?xml version="1.0" encoding="UTF-8"?>
<testng-results ignored="0" total="12" passed="12" failed="0" skipped="0">
  <reporter-output>
  </reporter-output>
  <suite started-at="2024-10-17T12:10:11 IST" name="Command line suite" finished-at="2024-10-17T12:20:20 IST" duration-ms="609519">
    <groups>
    </groups>
    <test started-at="2024-10-17T12:10:11 IST" name="Command line test" finished-at="2024-10-17T12:20:20 IST" duration-ms="609519">
      <class name="com.nucleus.qa.testcases.CoreSystemTesting">
        <test-method is-config="true" signature="start()[pri:0, instance:com.nucleus.qa.testcases.CoreSystemTesting@3bd7f8dc]" started-at="2024-10-17T12:10:11 IST" name="start" finished-at="2024-10-17T12:10:11 IST" duration-ms="24" status="PASS">
          <reporter-output>
          </reporter-output>
        </test-method> <!-- start -->
        <test-method is-config="true" signature="setUp()[pri:0, instance:com.nucleus.qa.testcases.CoreSystemTesting@3bd7f8dc]" started-at="2024-10-17T12:10:11 IST" name="setUp" finished-at="2024-10-17T12:10:12 IST" duration-ms="1353" status="PASS">
          <reporter-output>
          </reporter-output>
        </test-method> <!-- setUp -->
        <test-method signature="TestCase1()[pri:0, instance:com.nucleus.qa.testcases.CoreSystemTesting@3bd7f8dc]" started-at="2024-10-17T12:10:12 IST" name="TestCase1" finished-at="2024-10-17T12:10:56 IST" duration-ms="43563" status="PASS">
          <reporter-output>
          </reporter-output>
        </test-method> <!-- TestCase1 -->
        <test-method is-config="true" signature="tearDown()[pri:0, instance:com.nucleus.qa.testcases.CoreSystemTesting@3bd7f8dc]" started-at="2024-10-17T12:10:56 IST" name="tearDown" finished-at="2024-10-17T12:10:56 IST" duration-ms="301" status="PASS">
          <reporter-output>
          </reporter-output>
        </test-method> <!-- tearDown -->
        <test-method is-config="true" signature="setUp()[pri:0, instance:com.nucleus.qa.testcases.CoreSystemTesting@3bd7f8dc]" started-at="2024-10-17T12:10:56 IST" name="setUp" finished-at="2024-10-17T12:10:57 IST" duration-ms="837" status="PASS">
          <reporter-output>
          </reporter-output>
        </test-method> <!-- setUp -->
        <test-method signature="TestCase10()[pri:0, instance:com.nucleus.qa.testcases.CoreSystemTesting@3bd7f8dc]" started-at="2024-10-17T12:10:57 IST" name="TestCase10" finished-at="2024-10-17T12:12:08 IST" duration-ms="71036" status="PASS">
          <reporter-output>
          </reporter-output>
        </test-method> <!-- TestCase10 -->
        <test-method is-config="true" signature="tearDown()[pri:0, instance:com.nucleus.qa.testcases.CoreSystemTesting@3bd7f8dc]" started-at="2024-10-17T12:12:08 IST" name="tearDown" finished-at="2024-10-17T12:12:08 IST" duration-ms="257" status="PASS">
          <reporter-output>
          </reporter-output>
        </test-method> <!-- tearDown -->
        <test-method is-config="true" signature="setUp()[pri:0, instance:com.nucleus.qa.testcases.CoreSystemTesting@3bd7f8dc]" started-at="2024-10-17T12:12:08 IST" name="setUp" finished-at="2024-10-17T12:12:09 IST" duration-ms="851" status="PASS">
          <reporter-output>
          </reporter-output>
        </test-method> <!-- setUp -->
        <test-method signature="TestCase11()[pri:0, instance:com.nucleus.qa.testcases.CoreSystemTesting@3bd7f8dc]" started-at="2024-10-17T12:12:09 IST" name="TestCase11" finished-at="2024-10-17T12:12:46 IST" duration-ms="37153" status="PASS">
          <reporter-output>
          </reporter-output>
        </test-method> <!-- TestCase11 -->
        <test-method is-config="true" signature="tearDown()[pri:0, instance:com.nucleus.qa.testcases.CoreSystemTesting@3bd7f8dc]" started-at="2024-10-17T12:12:46 IST" name="tearDown" finished-at="2024-10-17T12:12:47 IST" duration-ms="314" status="PASS">
          <reporter-output>
          </reporter-output>
        </test-method> <!-- tearDown -->
        <test-method is-config="true" signature="setUp()[pri:0, instance:com.nucleus.qa.testcases.CoreSystemTesting@3bd7f8dc]" started-at="2024-10-17T12:12:47 IST" name="setUp" finished-at="2024-10-17T12:12:48 IST" duration-ms="943" status="PASS">
          <reporter-output>
          </reporter-output>
        </test-method> <!-- setUp -->
        <test-method signature="TestCase12()[pri:0, instance:com.nucleus.qa.testcases.CoreSystemTesting@3bd7f8dc]" started-at="2024-10-17T12:12:48 IST" name="TestCase12" finished-at="2024-10-17T12:13:23 IST" duration-ms="35203" status="PASS">
          <reporter-output>
          </reporter-output>
        </test-method> <!-- TestCase12 -->
        <test-method is-config="true" signature="tearDown()[pri:0, instance:com.nucleus.qa.testcases.CoreSystemTesting@3bd7f8dc]" started-at="2024-10-17T12:13:23 IST" name="tearDown" finished-at="2024-10-17T12:13:23 IST" duration-ms="270" status="PASS">
          <reporter-output>
          </reporter-output>
        </test-method> <!-- tearDown -->
        <test-method is-config="true" signature="setUp()[pri:0, instance:com.nucleus.qa.testcases.CoreSystemTesting@3bd7f8dc]" started-at="2024-10-17T12:13:23 IST" name="setUp" finished-at="2024-10-17T12:13:24 IST" duration-ms="836" status="PASS">
          <reporter-output>
          </reporter-output>
        </test-method> <!-- setUp -->
        <test-method signature="TestCase2()[pri:0, instance:com.nucleus.qa.testcases.CoreSystemTesting@3bd7f8dc]" started-at="2024-10-17T12:13:24 IST" name="TestCase2" finished-at="2024-10-17T12:13:50 IST" duration-ms="25877" status="PASS">
          <reporter-output>
          </reporter-output>
        </test-method> <!-- TestCase2 -->
        <test-method is-config="true" signature="tearDown()[pri:0, instance:com.nucleus.qa.testcases.CoreSystemTesting@3bd7f8dc]" started-at="2024-10-17T12:13:50 IST" name="tearDown" finished-at="2024-10-17T12:13:50 IST" duration-ms="291" status="PASS">
          <reporter-output>
          </reporter-output>
        </test-method> <!-- tearDown -->
        <test-method is-config="true" signature="setUp()[pri:0, instance:com.nucleus.qa.testcases.CoreSystemTesting@3bd7f8dc]" started-at="2024-10-17T12:13:50 IST" name="setUp" finished-at="2024-10-17T12:13:51 IST" duration-ms="811" status="PASS">
          <reporter-output>
          </reporter-output>
        </test-method> <!-- setUp -->
        <test-method signature="TestCase3()[pri:0, instance:com.nucleus.qa.testcases.CoreSystemTesting@3bd7f8dc]" started-at="2024-10-17T12:13:51 IST" name="TestCase3" finished-at="2024-10-17T12:15:19 IST" duration-ms="88447" status="PASS">
          <reporter-output>
          </reporter-output>
        </test-method> <!-- TestCase3 -->
        <test-method is-config="true" signature="tearDown()[pri:0, instance:com.nucleus.qa.testcases.CoreSystemTesting@3bd7f8dc]" started-at="2024-10-17T12:15:19 IST" name="tearDown" finished-at="2024-10-17T12:15:20 IST" duration-ms="433" status="PASS">
          <reporter-output>
          </reporter-output>
        </test-method> <!-- tearDown -->
        <test-method is-config="true" signature="setUp()[pri:0, instance:com.nucleus.qa.testcases.CoreSystemTesting@3bd7f8dc]" started-at="2024-10-17T12:15:20 IST" name="setUp" finished-at="2024-10-17T12:15:21 IST" duration-ms="826" status="PASS">
          <reporter-output>
          </reporter-output>
        </test-method> <!-- setUp -->
        <test-method signature="TestCase4()[pri:0, instance:com.nucleus.qa.testcases.CoreSystemTesting@3bd7f8dc]" started-at="2024-10-17T12:15:21 IST" name="TestCase4" finished-at="2024-10-17T12:16:05 IST" duration-ms="44857" status="PASS">
          <reporter-output>
          </reporter-output>
        </test-method> <!-- TestCase4 -->
        <test-method is-config="true" signature="tearDown()[pri:0, instance:com.nucleus.qa.testcases.CoreSystemTesting@3bd7f8dc]" started-at="2024-10-17T12:16:05 IST" name="tearDown" finished-at="2024-10-17T12:16:06 IST" duration-ms="302" status="PASS">
          <reporter-output>
          </reporter-output>
        </test-method> <!-- tearDown -->
        <test-method is-config="true" signature="setUp()[pri:0, instance:com.nucleus.qa.testcases.CoreSystemTesting@3bd7f8dc]" started-at="2024-10-17T12:16:06 IST" name="setUp" finished-at="2024-10-17T12:16:07 IST" duration-ms="814" status="PASS">
          <reporter-output>
          </reporter-output>
        </test-method> <!-- setUp -->
        <test-method signature="TestCase5()[pri:0, instance:com.nucleus.qa.testcases.CoreSystemTesting@3bd7f8dc]" started-at="2024-10-17T12:16:07 IST" name="TestCase5" finished-at="2024-10-17T12:16:55 IST" duration-ms="48377" status="PASS">
          <reporter-output>
          </reporter-output>
        </test-method> <!-- TestCase5 -->
        <test-method is-config="true" signature="tearDown()[pri:0, instance:com.nucleus.qa.testcases.CoreSystemTesting@3bd7f8dc]" started-at="2024-10-17T12:16:55 IST" name="tearDown" finished-at="2024-10-17T12:16:55 IST" duration-ms="317" status="PASS">
          <reporter-output>
          </reporter-output>
        </test-method> <!-- tearDown -->
        <test-method is-config="true" signature="setUp()[pri:0, instance:com.nucleus.qa.testcases.CoreSystemTesting@3bd7f8dc]" started-at="2024-10-17T12:16:55 IST" name="setUp" finished-at="2024-10-17T12:16:56 IST" duration-ms="865" status="PASS">
          <reporter-output>
          </reporter-output>
        </test-method> <!-- setUp -->
        <test-method signature="TestCase6()[pri:0, instance:com.nucleus.qa.testcases.CoreSystemTesting@3bd7f8dc]" started-at="2024-10-17T12:16:56 IST" name="TestCase6" finished-at="2024-10-17T12:17:37 IST" duration-ms="40877" status="PASS">
          <reporter-output>
          </reporter-output>
        </test-method> <!-- TestCase6 -->
        <test-method is-config="true" signature="tearDown()[pri:0, instance:com.nucleus.qa.testcases.CoreSystemTesting@3bd7f8dc]" started-at="2024-10-17T12:17:37 IST" name="tearDown" finished-at="2024-10-17T12:17:37 IST" duration-ms="284" status="PASS">
          <reporter-output>
          </reporter-output>
        </test-method> <!-- tearDown -->
        <test-method is-config="true" signature="setUp()[pri:0, instance:com.nucleus.qa.testcases.CoreSystemTesting@3bd7f8dc]" started-at="2024-10-17T12:17:37 IST" name="setUp" finished-at="2024-10-17T12:17:38 IST" duration-ms="854" status="PASS">
          <reporter-output>
          </reporter-output>
        </test-method> <!-- setUp -->
        <test-method signature="TestCase7()[pri:0, instance:com.nucleus.qa.testcases.CoreSystemTesting@3bd7f8dc]" started-at="2024-10-17T12:17:38 IST" name="TestCase7" finished-at="2024-10-17T12:18:25 IST" duration-ms="47148" status="PASS">
          <reporter-output>
          </reporter-output>
        </test-method> <!-- TestCase7 -->
        <test-method is-config="true" signature="tearDown()[pri:0, instance:com.nucleus.qa.testcases.CoreSystemTesting@3bd7f8dc]" started-at="2024-10-17T12:18:25 IST" name="tearDown" finished-at="2024-10-17T12:18:26 IST" duration-ms="312" status="PASS">
          <reporter-output>
          </reporter-output>
        </test-method> <!-- tearDown -->
        <test-method is-config="true" signature="setUp()[pri:0, instance:com.nucleus.qa.testcases.CoreSystemTesting@3bd7f8dc]" started-at="2024-10-17T12:18:26 IST" name="setUp" finished-at="2024-10-17T12:18:26 IST" duration-ms="847" status="PASS">
          <reporter-output>
          </reporter-output>
        </test-method> <!-- setUp -->
        <test-method signature="TestCase8()[pri:0, instance:com.nucleus.qa.testcases.CoreSystemTesting@3bd7f8dc]" started-at="2024-10-17T12:18:26 IST" name="TestCase8" finished-at="2024-10-17T12:19:18 IST" duration-ms="51192" status="PASS">
          <reporter-output>
          </reporter-output>
        </test-method> <!-- TestCase8 -->
        <test-method is-config="true" signature="tearDown()[pri:0, instance:com.nucleus.qa.testcases.CoreSystemTesting@3bd7f8dc]" started-at="2024-10-17T12:19:18 IST" name="tearDown" finished-at="2024-10-17T12:19:18 IST" duration-ms="294" status="PASS">
          <reporter-output>
          </reporter-output>
        </test-method> <!-- tearDown -->
        <test-method is-config="true" signature="setUp()[pri:0, instance:com.nucleus.qa.testcases.CoreSystemTesting@3bd7f8dc]" started-at="2024-10-17T12:19:18 IST" name="setUp" finished-at="2024-10-17T12:19:19 IST" duration-ms="857" status="PASS">
          <reporter-output>
          </reporter-output>
        </test-method> <!-- setUp -->
        <test-method signature="TestCase9()[pri:0, instance:com.nucleus.qa.testcases.CoreSystemTesting@3bd7f8dc]" started-at="2024-10-17T12:19:19 IST" name="TestCase9" finished-at="2024-10-17T12:20:20 IST" duration-ms="61439" status="PASS">
          <reporter-output>
          </reporter-output>
        </test-method> <!-- TestCase9 -->
        <test-method is-config="true" signature="tearDown()[pri:0, instance:com.nucleus.qa.testcases.CoreSystemTesting@3bd7f8dc]" started-at="2024-10-17T12:20:20 IST" name="tearDown" finished-at="2024-10-17T12:20:20 IST" duration-ms="253" status="PASS">
          <reporter-output>
          </reporter-output>
        </test-method> <!-- tearDown -->
        <test-method is-config="true" signature="Exit()[pri:0, instance:com.nucleus.qa.testcases.CoreSystemTesting@3bd7f8dc]" started-at="2024-10-17T12:20:20 IST" name="Exit" finished-at="2024-10-17T12:20:21 IST" duration-ms="566" status="PASS">
          <reporter-output>
          </reporter-output>
        </test-method> <!-- Exit -->
      </class> <!-- com.nucleus.qa.testcases.CoreSystemTesting -->
    </test> <!-- Command line test -->
  </suite> <!-- Command line suite -->
</testng-results>
